<?xml version="1.0" encoding="UTF-8"?>
<!-- Generated by org.testng.reporters.JUnitReportReporter -->
<testsuite hostname="Desktop-AbhiJeet" failures="0" tests="1" name="Test01_GET" time="1.125" errors="0" timestamp="2020-12-03T18:30:17 EST" skipped="0">
  <testcase classname="Test01_GET" name="test_01" time="1.125"/>
  <system-out/>
</testsuite> <!-- Test01_GET -->
